C51 COMPILER V9.00   MAIN                                                                  05/20/2016 16:49:17 PAGE 1   


C51 COMPILER V9.00, COMPILATION OF MODULE MAIN
OBJECT MODULE PLACED IN .\Output\main.obj
COMPILER INVOKED BY: D:\Program Files\Keil\C51\BIN\C51.EXE Code\main.c LARGE OMF2 BROWSE INCDIR(.\Inc) DEBUG PRINT(.\Lis
                    -t\main.lst) TABS(2) OBJECT(.\Output\main.obj)

line level    source

   1          /*************************************************************/
   2          //2014.07.10修改版
   3          /*************************************************************/
   4          #include "STC15F2K60S2.h"
   5          #include "intrins.h"
   6          #include "pin.h"
   7          #include "uart.h"
   8          #include "spi.h"
   9          #include "FM175XX.h"
  10          #include "main.h"
  11          #include "type_b.h"
  12          #include "type_b_app.h"
  13          #include <string.h>
  14          void main()
  15          {
  16   1        Io_Init();
  17   1        Timer_Uart_Init();
  18   1        SPI_Init();
  19   1        Uart_Send_Msg("FM17550 Card TYPE B Reader\r\n");
  20   1        Uart_Send_Msg("Version 2.0 2014.7.10\r\n");
  21   1        FM175XX_SoftReset();
  22   1        Uart_Send_Msg("-> Reset OK\r\n");
  23   1        
  24   1        Pcd_ConfigISOType(1);//选择TYPE B模式
  25   1        while(1)
  26   1        {
  27   2      
  28   2          TYPE_B_APP();
  29   2          
  30   2         }
  31   1      }
  32          
  33          /*****************************/
  34          /*函数介绍：  管脚初始化程序
  35          /*输入参数：  无
  36          /*输出参数：  无
  37          /*返回值：    无
  38          /*占用资源：  无
  39          /*****************************/
  40          void Io_Init()
  41          {
  42   1        P0=0xFF;
  43   1        P1=0xFF;
  44   1        P2=0xFF;
  45   1        P3=0xFF;
  46   1        NPD=1;
  47   1        LED_2=0;
  48   1        LED_3=0;
  49   1        return;
  50   1      }
  51          /*************************/
  52          /*函数介绍：  延时函数
  53          /*输入参数：  delay_time
  54          /*输出参数：  无
C51 COMPILER V9.00   MAIN                                                                  05/20/2016 16:49:17 PAGE 2   

  55          /*返回值：    无
  56          /*占用资源：  无
  57          /*************************/
  58          void Delay_100us(unsigned int delay_time)   //0.1ms*delay_time
  59          {
  60   1        unsigned int data i;
  61   1        for(i=0;i<delay_time;i++)
  62   1        {
  63   2          _nop_(); _nop_(); _nop_(); _nop_(); _nop_(); _nop_(); _nop_(); _nop_(); _nop_(); _nop_(); 
  64   2          _nop_(); _nop_(); _nop_(); _nop_(); _nop_(); _nop_(); _nop_(); _nop_(); _nop_(); _nop_();
  65   2          _nop_(); _nop_(); _nop_(); _nop_(); _nop_(); _nop_(); _nop_(); _nop_(); _nop_(); _nop_();
  66   2          _nop_(); _nop_(); _nop_(); _nop_(); _nop_(); _nop_(); _nop_(); _nop_(); _nop_(); _nop_();
  67   2          _nop_(); _nop_(); _nop_(); _nop_(); _nop_(); _nop_(); _nop_(); _nop_(); _nop_(); _nop_();
  68   2        }
  69   1      }
  70          
  71          
  72          
  73          


MODULE INFORMATION:   STATIC OVERLAYABLE
   CODE SIZE        =    143    ----
   CONSTANT SIZE    =     67    ----
   XDATA SIZE       =   ----    ----
   PDATA SIZE       =   ----    ----
   DATA SIZE        =   ----       2
   IDATA SIZE       =   ----    ----
   BIT SIZE         =   ----    ----
   EDATA SIZE       =   ----    ----
   HDATA SIZE       =   ----    ----
   XDATA CONST SIZE =   ----    ----
   FAR CONST SIZE   =   ----    ----
END OF MODULE INFORMATION.


C51 COMPILATION COMPLETE.  0 WARNING(S),  0 ERROR(S)
