C51 COMPILER V9.01   MIFARE_APP                                                            08/14/2014 18:00:33 PAGE 1   


C51 COMPILER V9.01, COMPILATION OF MODULE MIFARE_APP
OBJECT MODULE PLACED IN .\Output\mifare_app.obj
COMPILER INVOKED BY: D:\Program Files\Keil4\C51\BIN\C51.EXE mifare_app.c LARGE OMF2 BROWSE INCDIR(.\Inc) DEBUG PRINT(.\L
                    -ist\mifare_app.lst) OBJECT(.\Output\mifare_app.obj)

line level    source

   1          #include "mifare_card.h"
   2          #include "uart.h"
   3          #include "main.h"
   4          #include "type_a.h"
   5          #include <string.h>
   6          
   7          unsigned char MIFARE_APP(void)
   8          {
   9   1      unsigned char MIFARE_KEY[6],BLOCK_BUF[16];
  10   1              memcpy(MIFARE_KEY,"\xFF\xFF\xFF\xFF\xFF\xFF",6);//设置认证密钥数组
  11   1              
  12   1              if(Mifare_Auth(0x00,0x00,MIFARE_KEY,PICC_UID)==ERROR)// 扇区0进行KEY A 认证
  13   1                      {
  14   2                              Uart_Send_Msg("-> Auth ERROR\r\n");
  15   2                              return ERROR;   
  16   2                      }
  17   1              Uart_Send_Msg("-> Auth OK\r\n");
  18   1                      
  19   1              memcpy(BLOCK_BUF,"\x11\x22\x33\x44\x55\x66\x77\x88\x11\x22\x33\x44\x55\x66\x77\x88",16); //设置待写入的16
             -个字节数组
  20   1              if(Mifare_Blockwrite(0x01,BLOCK_BUF)==ERROR)// 块地址0x01（扇区0，块1）写块操作
  21   1                      {
  22   2                              Uart_Send_Msg("-> Write ERROR\r\n");
  23   2                              return ERROR;   
  24   2                      }       
  25   1              Uart_Send_Msg("-> Write OK ");
  26   1              Uart_Send_Msg("\r\n");
  27   1                      
  28   1      
  29   1              if(Mifare_Blockread(0x01,BLOCK_BUF)==ERROR)//块地址0x01（扇区0，块1）读块操作
  30   1                      {
  31   2                              Uart_Send_Msg("-> Read ERROR\r\n");
  32   2                              return ERROR;   
  33   2                      }       
  34   1              Uart_Send_Msg("-> Block Data = ");
  35   1              Uart_Send_Hex(BLOCK_BUF,16);
  36   1              Uart_Send_Msg("\r\n");
  37   1              return OK;
  38   1      }


MODULE INFORMATION:   STATIC OVERLAYABLE
   CODE SIZE        =    182    ----
   CONSTANT SIZE    =    119    ----
   XDATA SIZE       =   ----      22
   PDATA SIZE       =   ----    ----
   DATA SIZE        =   ----    ----
   IDATA SIZE       =   ----    ----
   BIT SIZE         =   ----    ----
   EDATA SIZE       =   ----    ----
   HDATA SIZE       =   ----    ----
   XDATA CONST SIZE =   ----    ----
   FAR CONST SIZE   =   ----    ----
END OF MODULE INFORMATION.

C51 COMPILER V9.01   MIFARE_APP                                                            08/14/2014 18:00:33 PAGE 2   


C51 COMPILATION COMPLETE.  0 WARNING(S),  0 ERROR(S)
