*** Using Compiler 'V6.18', folder: 'D:\ProgramFiles\KEIL\ARM\ARMCLANG\Bin'
Rebuild target 'stm32f407_ll_i2c_dma'
compiling system_stm32f4xx.c...
compiling gpio.c...
compiling main.c...
compiling bsp_i2c_dma.c...
compiling i2c.c...
compiling dwt_delay.c...
compiling dma.c...
assembling startup_stm32f407xx.s...
compiling stm32f4xx_ll_exti.c...
compiling stm32f4xx_ll_gpio.c...
compiling stm32f4xx_ll_i2c.c...
compiling stm32f4xx_ll_dma.c...
compiling stm32f4xx_it.c...
compiling stm32f4xx_ll_utils.c...
compiling stm32f4xx_ll_rcc.c...
compiling dev_i2c_dma.c...
linking...
Program Size: Code=4364 RO-data=456 RW-data=4 ZI-data=1660  
FromELF: creating hex file...
"stm32f407_ll_i2c_dma\stm32f407_ll_i2c_dma.axf" - 0 Error(s), 0 Warning(s).
Build Time Elapsed:  00:00:01
