C51 COMPILER V9.54   MAIN                                                                  12/14/2016 10:49:17 PAGE 1   


C51 COMPILER V9.54, COMPILATION OF MODULE MAIN
OBJECT MODULE PLACED IN .\Output\main.obj
COMPILER INVOKED BY: C:\Keil_v5\C51\BIN\C51.EXE Code\main.c LARGE OMF2 BROWSE INCDIR(.\Inc) DEBUG PRINT(.\List\main.lst)
                    - TABS(2) OBJECT(.\Output\main.obj)

line level    source

*** WARNING C500 IN LINE 1 OF Code\main.c: LICENSE ERROR (R207(2): REGISTRY READ ERROR)

   1          /*************************************************************/
   2          //2014.07.10修改版
   3          /*************************************************************/
   4          #include "STC15F2K60S2.h"
   5          #include "intrins.h"
   6          #include "pin.h"
   7          #include "uart.h"
   8          #include "spi.h"
   9          #include "FM175XX.h"
  10          #include "main.h"
  11          #include "type_a.h"
  12          #include "type_b.h"
  13          #include "mifare_card.h"
  14          #include "ultralight.h"
  15          #include "des.h"
  16          #include "cpu_card.h"
  17          #include "cpu_app.h"
  18          #include <string.h>
  19          void main()
  20          {
  21   1        Io_Init();
  22   1        Timer_Uart_Init();
  23   1        SPI_Init();
  24   1        Uart_Send_Msg("FM17520,FM17522,FM17550 CPU Card Reader\r\n");
  25   1        Uart_Send_Msg("Version 3.0 2015.4.18\r\n");
  26   1        if(FM175XX_HardReset()!=OK)
  27   1          {
  28   2          Uart_Send_Msg("-> FM175XX Reset ERROR\r\n");//FM175XX复位失败
  29   2          while(1);
  30   2          }
  31   1        Uart_Send_Msg("-> FM175XX Reset OK\r\n");//FM175XX复位成功
  32   1        Pcd_ConfigISOType(0);
  33   1        Set_Rf(3);   //turn on radio
  34   1        while(1)
  35   1        {
  36   2        if (TypeA_CardActivate(PICC_ATQA,PICC_UID,PICC_SAK)==OK)
  37   2          {
  38   3          Uart_Send_Msg("---------------------\r\n");
  39   3          Uart_Send_Msg("-> Card Activate OK\r\n");
  40   3          Uart_Send_Msg("<- ATQA = ");Uart_Send_Hex(PICC_ATQA,2);Uart_Send_Msg("\r\n");
  41   3          Uart_Send_Msg("<- UID = ");Uart_Send_Hex(PICC_UID,4);Uart_Send_Msg("\r\n");
  42   3          Uart_Send_Msg("<- SAK = ");Uart_Send_Hex(PICC_SAK,1);Uart_Send_Msg("\r\n");
  43   3          if(CPU_APP()!=OK)
  44   3            {
  45   4            Set_Rf(0);
  46   4            Set_Rf(3);
  47   4            }
  48   3          }
  49   2         }
  50   1      }
  51          
  52          /*****************************/
  53          /*函数介绍：  管脚初始化程序
C51 COMPILER V9.54   MAIN                                                                  12/14/2016 10:49:17 PAGE 2   

  54          /*输入参数：  无
  55          /*输出参数：  无
  56          /*返回值：    无
  57          /*占用资源：  无
  58          /*****************************/
  59          void Io_Init()
  60          {
  61   1        P0=0xFF;
  62   1        P1=0xFF;
  63   1        P2=0xFF;
  64   1        P3=0xFF;
  65   1        NPD=1;
  66   1        LED_2=0;
  67   1        LED_3=0;
  68   1        return;
  69   1      }
  70          /*************************/
  71          /*函数介绍：  延时函数
  72          /*输入参数：  delay_time
  73          /*输出参数：  无
  74          /*返回值：    无
  75          /*占用资源：  无
  76          /*************************/
  77          void Delay_100us(unsigned int delay_time)   //0.1ms*delay_time
  78          {
  79   1        unsigned int data i;
  80   1        for(i=0;i<delay_time;i++)
  81   1        {
  82   2          _nop_(); _nop_(); _nop_(); _nop_(); _nop_(); _nop_(); _nop_(); _nop_(); _nop_(); _nop_(); 
  83   2          _nop_(); _nop_(); _nop_(); _nop_(); _nop_(); _nop_(); _nop_(); _nop_(); _nop_(); _nop_();
  84   2          _nop_(); _nop_(); _nop_(); _nop_(); _nop_(); _nop_(); _nop_(); _nop_(); _nop_(); _nop_();
  85   2          _nop_(); _nop_(); _nop_(); _nop_(); _nop_(); _nop_(); _nop_(); _nop_(); _nop_(); _nop_();
  86   2          _nop_(); _nop_(); _nop_(); _nop_(); _nop_(); _nop_(); _nop_(); _nop_(); _nop_(); _nop_();
  87   2        }
  88   1      }
  89          
  90          
  91          
  92          


MODULE INFORMATION:   STATIC OVERLAYABLE
   CODE SIZE        =    328    ----
   CONSTANT SIZE    =    193    ----
   XDATA SIZE       =   ----    ----
   PDATA SIZE       =   ----    ----
   DATA SIZE        =   ----       2
   IDATA SIZE       =   ----    ----
   BIT SIZE         =   ----    ----
   EDATA SIZE       =   ----    ----
   HDATA SIZE       =   ----    ----
   XDATA CONST SIZE =   ----    ----
   FAR CONST SIZE   =   ----    ----
END OF MODULE INFORMATION.


C51 COMPILATION COMPLETE.  1 WARNING(S),  0 ERROR(S)
