*** Using Compiler 'V6.18', folder: 'D:\ProgramFiles\KEIL\ARM\ARMCLANG\Bin'
Rebuild target 'stm32f407_ll_spi'
assembling startup_stm32f407xx.s...
compiling system_stm32f4xx.c...
compiling stm32f4xx_it.c...
compiling bsp_spi_master_it.c...
compiling bsp_spi_master_poll.c...
compiling stm32f4xx_ll_exti.c...
compiling stm32f4xx_ll_gpio.c...
compiling bsp_spi_master_soft.c...
compiling stm32f4xx_ll_utils.c...
compiling stm32f4xx_ll_dma.c...
compiling spi.c...
compiling gpio.c...
compiling stm32f4xx_ll_spi.c...
compiling stm32f4xx_ll_rcc.c...
compiling main.c...
compiling bsp_spi_master_dma.c...
linking...
Program Size: Code=1404 RO-data=424 RW-data=4 ZI-data=1652  
FromELF: creating hex file...
"stm32f407_ll_spi\stm32f407_ll_spi.axf" - 0 Error(s), 0 Warning(s).
Build Time Elapsed:  00:00:01
