
--- Module:   C:\qp-dev\qpc\src\qf\qep_hsm.c (C)
--- Module Wrap-up

--- Module:   C:\qp-dev\qpc\src\qf\qep_msm.c (C)
--- Module Wrap-up

--- Module:   C:\qp-dev\qpc\src\qf\qf_act.c (C)
--- Module Wrap-up

--- Module:   C:\qp-dev\qpc\src\qf\qf_actq.c (C)
--- Module Wrap-up

--- Module:   C:\qp-dev\qpc\src\qf\qf_defer.c (C)
--- Module Wrap-up

--- Module:   C:\qp-dev\qpc\src\qf\qf_dyn.c (C)
--- Module Wrap-up

--- Module:   C:\qp-dev\qpc\src\qf\qf_mem.c (C)
--- Module Wrap-up

--- Module:   C:\qp-dev\qpc\src\qf\qf_ps.c (C)
--- Module Wrap-up

--- Module:   C:\qp-dev\qpc\src\qf\qf_qact.c (C)
--- Module Wrap-up

--- Module:   C:\qp-dev\qpc\src\qf\qf_qeq.c (C)
--- Module Wrap-up

--- Module:   C:\qp-dev\qpc\src\qf\qf_qmact.c (C)
--- Module Wrap-up

--- Module:   C:\qp-dev\qpc\src\qf\qf_time.c (C)
--- Module Wrap-up
Count   Type    Number  Text

