C51 COMPILER V9.54   TPYE_B_APP                                                            09/05/2017 11:31:03 PAGE 1   


C51 COMPILER V9.54, COMPILATION OF MODULE TPYE_B_APP
OBJECT MODULE PLACED IN .\Output\tpye_b_app.obj
COMPILER INVOKED BY: C:\Keil_v5\C51\BIN\C51.EXE Code\tpye_b_app.c LARGE OMF2 BROWSE INCDIR(.\Inc) DEBUG PRINT(.\List\tpy
                    -e_b_app.lst) TABS(2) OBJECT(.\Output\tpye_b_app.obj)

line level    source

   1          
   2          #include "uart.h"
   3          #include "FM175XX.h"
   4          #include "main.h"
   5          #include "type_b.h"
   6          #include <string.h>
   7          
   8          unsigned char TYPE_B_APP(void)
   9          {
  10   1      unsigned char rece_len;
  11   1      unsigned char rece_buff[64];
  12   1        Set_Rf(0);   //关闭TX1，TX2输出
  13   1        Set_Rf(3);   //选择TX1，TX2输出
  14   1        if(TypeB_Request(&rece_len,rece_buff,&PICC_B)==ERROR)
  15   1          return ERROR;
  16   1        Uart_Send_Msg("-> TYPE B Request\r\n");
  17   1        Uart_Send_Msg("-> ATQB =");
  18   1        Uart_Send_Hex(rece_buff,rece_len);
  19   1        Uart_Send_Msg("\r\n");
  20   1      
  21   1        if(TypeB_Select(PICC_B.PUPI,&rece_len,rece_buff)==ERROR)
  22   1          return ERROR;
  23   1          Uart_Send_Msg("-> TYPE B AttriB\r\n");
  24   1          Uart_Send_Msg("-> Return =");
  25   1        Uart_Send_Hex(rece_buff,rece_len);
  26   1        Uart_Send_Msg("\r\n");
  27   1      
  28   1        //
  29   1      
  30   1      //    if(TypeB_Halt(PICC_B.PUPI,&rece_len,rece_buff)==ERROR)
  31   1      //    return ERROR;
  32   1      //    Uart_Send_Msg("-> TYPE B Halt\r\n");
  33   1      //    Uart_Send_Msg("-> Return =");
  34   1      //  Uart_Send_Hex(rece_buff,rece_len);
  35   1      //  Uart_Send_Msg("\r\n");
  36   1      
  37   1      
  38   1      
  39   1      
  40   1        return OK;
  41   1      
  42   1      }


MODULE INFORMATION:   STATIC OVERLAYABLE
   CODE SIZE        =    181    ----
   CONSTANT SIZE    =     64    ----
   XDATA SIZE       =   ----      65
   PDATA SIZE       =   ----    ----
   DATA SIZE        =   ----    ----
   IDATA SIZE       =   ----    ----
   BIT SIZE         =   ----    ----
   EDATA SIZE       =   ----    ----
   HDATA SIZE       =   ----    ----
C51 COMPILER V9.54   TPYE_B_APP                                                            09/05/2017 11:31:03 PAGE 2   

   XDATA CONST SIZE =   ----    ----
   FAR CONST SIZE   =   ----    ----
END OF MODULE INFORMATION.


C51 COMPILATION COMPLETE.  0 WARNING(S),  0 ERROR(S)
